<?xml version="1.0" encoding="UTF-8"?>
<!-- Generated by org.testng.reporters.JUnitReportReporter -->
<testsuite hostname="IBM-D9732F3" failures="0" tests="1" name="Selenium.Framework.ExtendReport" time="16.871" errors="0" timestamp="2024-03-14T11:42:18 IST" skipped="0">
  <testcase classname="Selenium.Framework.ExtendReport" name="Demo" time="16.871"/>
</testsuite> <!-- Selenium.Framework.ExtendReport -->
