<?xml version="1.0" encoding="UTF-8"?>
<!-- Generated by org.testng.reporters.JUnitReportReporter -->
<testsuite hostname="IBM-D9732F3" failures="0" tests="3" name="Selenium.Framework.SubmitOrder" time="15.780" errors="0" timestamp="2024-03-20T12:56:04 IST" skipped="0">
  <testcase classname="Selenium.Framework.SubmitOrder" name="SubmitProductOrder" time="5.899"/>
  <testcase classname="Selenium.Framework.SubmitOrder" name="VerifyOrderDependancemethod" time="3.931"/>
  <testcase classname="Selenium.Framework.SubmitOrder" name="SubmitProductOrder" time="5.950"/>
</testsuite> <!-- Selenium.Framework.SubmitOrder -->
