<?xml version="1.0" encoding="UTF-8"?>
<!-- Generated by org.testng.reporters.JUnitReportReporter -->
<testsuite hostname="IBM-D9732F3" failures="0" tests="1" name="Cucumber.TestNGRunner" time="7.401" errors="0" timestamp="2024-03-22T21:18:14 IST" skipped="0">
  <testcase classname="Cucumber.TestNGRunner" name="runScenario" time="7.401"/>
</testsuite> <!-- Cucumber.TestNGRunner -->
